#
# A fatal error has been detected by the Java Runtime Environment:
#
#  Internal Error (javaClasses.cpp:129), pid=10564, tid=8120
#  fatal error: Invalid layout of preloaded class
#
# JRE version: 7.0_25-b17
# Java VM: Java HotSpot(TM) 64-Bit Server VM (23.25-b01 mixed mode windows-amd64 compressed oops)
# Failed to write core dump. Minidumps are not enabled by default on client versions of Windows
#
# If you would like to submit a bug report, please visit:
#   http://bugreport.sun.com/bugreport/crash.jsp
#

---------------  T H R E A D  ---------------

Current thread (0x000000000285e000):  JavaThread "Unknown thread" [_thread_in_vm, id=8120, stack(0x00000000028c0000,0x00000000029c0000)]

Stack: [0x00000000028c0000,0x00000000029c0000]

---------------  P R O C E S S  ---------------

Java Threads: ( => current thread )

Other Threads:

=>0x000000000285e000 (exited) JavaThread "Unknown thread" [_thread_in_vm, id=8120, stack(0x00000000028c0000,0x00000000029c0000)]

VM state:not at safepoint (not fully initialized)

VM Mutex/Monitor currently owned by a thread: None

GC Heap History (0 events):
No events

Deoptimization events (0 events):
No events

Internal exceptions (0 events):
No events

Events (10 events):
Event: 0.391 loading class 0x00000000029da260 done
Event: 0.391 loading class 0x00000000029da680 done
Event: 0.391 loading class 0x00000000029da320
Event: 0.391 loading class 0x000000000bc82c50
Event: 0.392 loading class 0x000000000bc82c50 done
Event: 0.392 loading class 0x000000000bc82f50
Event: 0.392 loading class 0x000000000bc82f50 done
Event: 0.392 loading class 0x000000000bc81b80
Event: 0.392 loading class 0x000000000bc81b80 done
Event: 0.392 loading class 0x00000000029da320 done


Dynamic libraries:
0x00007ff614de0000 - 0x00007ff614e13000 	C:\Program Files\Java\jre7\bin\javaw.exe
0x00007ffbbf830000 - 0x00007ffbbf9d9000 	C:\WINDOWS\SYSTEM32\ntdll.dll
0x00007ffbbd310000 - 0x00007ffbbd449000 	C:\WINDOWS\system32\KERNEL32.DLL
0x00007ffbbcc80000 - 0x00007ffbbcd8f000 	C:\WINDOWS\system32\KERNELBASE.dll
0x00007ffbbb870000 - 0x00007ffbbb8fb000 	C:\WINDOWS\system32\apphelp.dll
0x00007ffbabce0000 - 0x00007ffbabd2f000 	C:\WINDOWS\AppPatch\AppPatch64\AcGenral.DLL
0x00007ffbbf600000 - 0x00007ffbbf6a7000 	C:\WINDOWS\system32\msvcrt.dll
0x00007ffbbc9f0000 - 0x00007ffbbca1b000 	C:\WINDOWS\SYSTEM32\SspiCli.dll
0x00007ffbbf220000 - 0x00007ffbbf271000 	C:\WINDOWS\system32\SHLWAPI.dll
0x00007ffbbf6b0000 - 0x00007ffbbf821000 	C:\WINDOWS\system32\USER32.dll
0x00007ffbbd5a0000 - 0x00007ffbbd716000 	C:\WINDOWS\system32\ole32.dll
0x00007ffbbdbb0000 - 0x00007ffbbefbf000 	C:\WINDOWS\system32\SHELL32.dll
0x00007ffbbc1c0000 - 0x00007ffbbc1df000 	C:\WINDOWS\SYSTEM32\USERENV.dll
0x00007ffbbd0c0000 - 0x00007ffbbd165000 	C:\WINDOWS\system32\ADVAPI32.dll
0x00007ffbb3490000 - 0x00007ffbb34ab000 	C:\WINDOWS\SYSTEM32\MPR.dll
0x00007ffbbda60000 - 0x00007ffbbdb96000 	C:\WINDOWS\system32\RPCRT4.dll
0x00007ffbbd540000 - 0x00007ffbbd597000 	C:\WINDOWS\SYSTEM32\sechost.dll
0x00007ffbbefc0000 - 0x00007ffbbf197000 	C:\WINDOWS\SYSTEM32\combase.dll
0x00007ffbbd790000 - 0x00007ffbbd8d5000 	C:\WINDOWS\system32\GDI32.dll
0x00007ffbbcbb0000 - 0x00007ffbbcbc4000 	C:\WINDOWS\SYSTEM32\profapi.dll
0x00007ffbbac70000 - 0x00007ffbbad11000 	C:\WINDOWS\SYSTEM32\SHCORE.dll
0x00007ffbbd450000 - 0x00007ffbbd484000 	C:\WINDOWS\system32\IMM32.DLL
0x00007ffbbd170000 - 0x00007ffbbd2a8000 	C:\WINDOWS\system32\MSCTF.dll
0x00007ffbba7e0000 - 0x00007ffbbaa3a000 	C:\WINDOWS\WinSxS\amd64_microsoft.windows.common-controls_6595b64144ccf1df_6.0.9600.16384_none_62475f7becb72503\COMCTL32.dll
0x000000006de30000 - 0x000000006df01000 	C:\Program Files\Java\jre7\bin\msvcr100.dll
0x000000006d720000 - 0x000000006de2f000 	C:\Program Files\Java\jre7\bin\server\jvm.dll
0x00007ffbb8810000 - 0x00007ffbb8819000 	C:\WINDOWS\SYSTEM32\WSOCK32.dll
0x00007ffbb9390000 - 0x00007ffbb93af000 	C:\WINDOWS\SYSTEM32\WINMM.dll
0x00007ffbbd720000 - 0x00007ffbbd727000 	C:\WINDOWS\system32\PSAPI.DLL
0x00007ffbbd2b0000 - 0x00007ffbbd308000 	C:\WINDOWS\system32\WS2_32.dll
0x00007ffbb9350000 - 0x00007ffbb937a000 	C:\WINDOWS\SYSTEM32\WINMMBASE.dll
0x00007ffbbf1a0000 - 0x00007ffbbf1a9000 	C:\WINDOWS\system32\NSI.dll
0x00007ffbbce40000 - 0x00007ffbbce8a000 	C:\WINDOWS\SYSTEM32\cfgmgr32.dll
0x00007ffbbbac0000 - 0x00007ffbbbae6000 	C:\WINDOWS\SYSTEM32\DEVOBJ.dll
0x000000006f000000 - 0x000000006f00f000 	C:\Program Files\Java\jre7\bin\verify.dll
0x000000006d6f0000 - 0x000000006d718000 	C:\Program Files\Java\jre7\bin\java.dll
0x000000006d6d0000 - 0x000000006d6e5000 	C:\Program Files\Java\jre7\bin\zip.dll

VM Arguments:
jvm_args: -Dfile.encoding=Cp1252 -Xbootclasspath:C:\Users\Big Jack\Desktop\Install\adt-bundle-windows-x86_64-20130729\sdk\platforms\android-19\android.jar 
java_command: org.eclipse.jdt.internal.junit.runner.RemoteTestRunner -version 3 -port 33798 -testLoaderClass org.eclipse.jdt.internal.junit.runner.junit3.JUnit3TestLoader -loaderpluginname org.eclipse.jdt.junit.runtime -classNames testing.BacActivityTest
Launcher Type: SUN_STANDARD

Environment Variables:
CLASSPATH=.;C:\Program Files (x86)\Java\jre7\lib\ext\QTJava.zip
PATH=C:\Program Files (x86)\NVIDIA Corporation\PhysX\Common;C:\Program Files (x86)\Intel\iCLS Client\;C:\Program Files\Intel\iCLS Client\;C:\WINDOWS\system32;C:\WINDOWS;C:\WINDOWS\System32\Wbem;C:\WINDOWS\System32\WindowsPowerShell\v1.0\;C:\Program Files (x86)\Windows Live\Shared;C:\Program Files\Intel\Intel(R) Management Engine Components\DAL;C:\Program Files\Intel\Intel(R) Management Engine Components\IPT;C:\Program Files (x86)\Intel\Intel(R) Management Engine Components\DAL;C:\Program Files (x86)\Intel\Intel(R) Management Engine Components\IPT;C:\Program Files (x86)\Intel\OpenCL SDK\2.0\bin\x86;C:\Program Files (x86)\Intel\OpenCL SDK\2.0\bin\x64;C:\Program Files (x86)\Microsoft SQL Server\100\Tools\Binn\;C:\Program Files\Microsoft SQL Server\100\Tools\Binn\;C:\Program Files\Microsoft SQL Server\100\DTS\Binn\;C:\Program Files (x86)\Java\jdk1.7.0_25\bin;C:\Program Files (x86)\MySQL\MySQL Utilities 1.3.4\;C:\Program Files (x86)\QuickTime\QTSystem\;C:\xampp\php;C:\ProgramData\ComposerSetup\bin;C:\strawberry\c\bin;C:\strawberry\perl\site\bin;C:\strawberry\perl\bin;C:\RailsInstaller\Git\cmd;C:\RailsInstaller\Ruby1.9.3\bin
USERNAME=Big Jack
OS=Windows_NT
PROCESSOR_IDENTIFIER=Intel64 Family 6 Model 58 Stepping 9, GenuineIntel



---------------  S Y S T E M  ---------------

OS: Windows 8 , 64 bit Build 9200 

CPU:total 8 (4 cores per cpu, 2 threads per core) family 6 model 58 stepping 9, cmov, cx8, fxsr, mmx, sse, sse2, sse3, ssse3, sse4.1, sse4.2, popcnt, avx, ht, tsc, tscinvbit, tscinv

Memory: 4k page, physical 8271360k(3393148k free), swap 16659968k(9941896k free)

vm_info: Java HotSpot(TM) 64-Bit Server VM (23.25-b01) for windows-amd64 JRE (1.7.0_25-b17), built on Jun 21 2013 12:58:32 by "java_re" with unknown MS VC++:1600

time: Thu Feb 27 16:52:10 2014
elapsed time: 0 seconds

