#
# A fatal error has been detected by the Java Runtime Environment:
#
#  Internal Error (javaClasses.cpp:129), pid=9896, tid=7512
#  fatal error: Invalid layout of preloaded class
#
# JRE version: 7.0_25-b17
# Java VM: Java HotSpot(TM) 64-Bit Server VM (23.25-b01 mixed mode windows-amd64 compressed oops)
# Failed to write core dump. Minidumps are not enabled by default on client versions of Windows
#
# If you would like to submit a bug report, please visit:
#   http://bugreport.sun.com/bugreport/crash.jsp
#

---------------  T H R E A D  ---------------

Current thread (0x00000000008de000):  JavaThread "Unknown thread" [_thread_in_vm, id=7512, stack(0x0000000002140000,0x0000000002240000)]

Stack: [0x0000000002140000,0x0000000002240000]

---------------  P R O C E S S  ---------------

Java Threads: ( => current thread )

Other Threads:

=>0x00000000008de000 (exited) JavaThread "Unknown thread" [_thread_in_vm, id=7512, stack(0x0000000002140000,0x0000000002240000)]

VM state:not at safepoint (not fully initialized)

VM Mutex/Monitor currently owned by a thread: None

GC Heap History (0 events):
No events

Deoptimization events (0 events):
No events

Internal exceptions (0 events):
No events

Events (10 events):
Event: 0.037 loading class 0x000000000225a310 done
Event: 0.038 loading class 0x000000000225a6d0 done
Event: 0.038 loading class 0x000000000225a4f0
Event: 0.038 loading class 0x000000000b4439c0
Event: 0.038 loading class 0x000000000b4439c0 done
Event: 0.038 loading class 0x000000000b4431c0
Event: 0.038 loading class 0x000000000b4431c0 done
Event: 0.038 loading class 0x000000000b442b70
Event: 0.038 loading class 0x000000000b442b70 done
Event: 0.039 loading class 0x000000000225a4f0 done


Dynamic libraries:
0x00007ff663110000 - 0x00007ff663143000 	C:\Program Files\Java\jre7\bin\javaw.exe
0x00007ffe8ae60000 - 0x00007ffe8b009000 	C:\WINDOWS\SYSTEM32\ntdll.dll
0x00007ffe8a5f0000 - 0x00007ffe8a729000 	C:\WINDOWS\system32\KERNEL32.DLL
0x00007ffe885e0000 - 0x00007ffe886ef000 	C:\WINDOWS\system32\KERNELBASE.dll
0x00007ffe86e10000 - 0x00007ffe86e9b000 	C:\WINDOWS\system32\apphelp.dll
0x00007ffe7afd0000 - 0x00007ffe7b01f000 	C:\WINDOWS\AppPatch\AppPatch64\AcGenral.DLL
0x00007ffe8a400000 - 0x00007ffe8a4a7000 	C:\WINDOWS\system32\msvcrt.dll
0x00007ffe87fb0000 - 0x00007ffe87fdb000 	C:\WINDOWS\SYSTEM32\SspiCli.dll
0x00007ffe8a160000 - 0x00007ffe8a1b1000 	C:\WINDOWS\system32\SHLWAPI.dll
0x00007ffe886f0000 - 0x00007ffe88861000 	C:\WINDOWS\system32\USER32.dll
0x00007ffe889c0000 - 0x00007ffe88b36000 	C:\WINDOWS\system32\ole32.dll
0x00007ffe88c90000 - 0x00007ffe8a09f000 	C:\WINDOWS\system32\SHELL32.dll
0x00007ffe877f0000 - 0x00007ffe8780f000 	C:\WINDOWS\SYSTEM32\USERENV.dll
0x00007ffe8aaf0000 - 0x00007ffe8ab95000 	C:\WINDOWS\system32\ADVAPI32.dll
0x00007ffe7ed20000 - 0x00007ffe7ed3b000 	C:\WINDOWS\SYSTEM32\MPR.dll
0x00007ffe88b40000 - 0x00007ffe88c76000 	C:\WINDOWS\system32\RPCRT4.dll
0x00007ffe8a1c0000 - 0x00007ffe8a217000 	C:\WINDOWS\SYSTEM32\sechost.dll
0x00007ffe8a220000 - 0x00007ffe8a3f7000 	C:\WINDOWS\SYSTEM32\combase.dll
0x00007ffe8a8e0000 - 0x00007ffe8aa25000 	C:\WINDOWS\system32\GDI32.dll
0x00007ffe881e0000 - 0x00007ffe881f4000 	C:\WINDOWS\SYSTEM32\profapi.dll
0x00007ffe86810000 - 0x00007ffe868b1000 	C:\WINDOWS\SYSTEM32\SHCORE.dll
0x00007ffe888d0000 - 0x00007ffe88904000 	C:\WINDOWS\system32\IMM32.DLL
0x00007ffe8a4b0000 - 0x00007ffe8a5e8000 	C:\WINDOWS\system32\MSCTF.dll
0x00007ffe86210000 - 0x00007ffe8646a000 	C:\WINDOWS\WinSxS\amd64_microsoft.windows.common-controls_6595b64144ccf1df_6.0.9600.16384_none_62475f7becb72503\COMCTL32.dll
0x0000000063480000 - 0x0000000063551000 	C:\Program Files\Java\jre7\bin\msvcr100.dll
0x0000000062d70000 - 0x000000006347f000 	C:\Program Files\Java\jre7\bin\server\jvm.dll
0x00007ffe6d0f0000 - 0x00007ffe6d0f9000 	C:\WINDOWS\SYSTEM32\WSOCK32.dll
0x00007ffe84ee0000 - 0x00007ffe84eff000 	C:\WINDOWS\SYSTEM32\WINMM.dll
0x00007ffe88c80000 - 0x00007ffe88c87000 	C:\WINDOWS\system32\PSAPI.DLL
0x00007ffe8abc0000 - 0x00007ffe8ac18000 	C:\WINDOWS\system32\WS2_32.dll
0x00007ffe84e40000 - 0x00007ffe84e6a000 	C:\WINDOWS\SYSTEM32\WINMMBASE.dll
0x00007ffe8aae0000 - 0x00007ffe8aae9000 	C:\WINDOWS\system32\NSI.dll
0x00007ffe88590000 - 0x00007ffe885da000 	C:\WINDOWS\SYSTEM32\cfgmgr32.dll
0x00007ffe87090000 - 0x00007ffe870b6000 	C:\WINDOWS\SYSTEM32\DEVOBJ.dll
0x0000000062d60000 - 0x0000000062d6f000 	C:\Program Files\Java\jre7\bin\verify.dll
0x0000000062d30000 - 0x0000000062d58000 	C:\Program Files\Java\jre7\bin\java.dll
0x0000000062d10000 - 0x0000000062d25000 	C:\Program Files\Java\jre7\bin\zip.dll

VM Arguments:
jvm_args: -Dfile.encoding=Cp1252 -Xbootclasspath:C:\Users\Big Jack\Desktop\Install\adt-bundle-windows-x86_64-20130729\sdk\platforms\android-19\android.jar 
java_command: org.eclipse.jdt.internal.junit.runner.RemoteTestRunner -version 3 -port 48685 -testLoaderClass org.eclipse.jdt.internal.junit.runner.junit3.JUnit3TestLoader -loaderpluginname org.eclipse.jdt.junit.runtime -classNames com.isat.drinkmate.BacActivityTest
Launcher Type: SUN_STANDARD

Environment Variables:
CLASSPATH=.;C:\Program Files (x86)\Java\jre7\lib\ext\QTJava.zip
PATH=C:\Program Files (x86)\NVIDIA Corporation\PhysX\Common;C:\Program Files (x86)\Intel\iCLS Client\;C:\Program Files\Intel\iCLS Client\;C:\WINDOWS\system32;C:\WINDOWS;C:\WINDOWS\System32\Wbem;C:\WINDOWS\System32\WindowsPowerShell\v1.0\;C:\Program Files (x86)\Windows Live\Shared;C:\Program Files\Intel\Intel(R) Management Engine Components\DAL;C:\Program Files\Intel\Intel(R) Management Engine Components\IPT;C:\Program Files (x86)\Intel\Intel(R) Management Engine Components\DAL;C:\Program Files (x86)\Intel\Intel(R) Management Engine Components\IPT;C:\Program Files (x86)\Intel\OpenCL SDK\2.0\bin\x86;C:\Program Files (x86)\Intel\OpenCL SDK\2.0\bin\x64;C:\Program Files (x86)\Microsoft SQL Server\100\Tools\Binn\;C:\Program Files\Microsoft SQL Server\100\Tools\Binn\;C:\Program Files\Microsoft SQL Server\100\DTS\Binn\;C:\Program Files (x86)\Java\jdk1.7.0_25\bin;C:\Program Files (x86)\MySQL\MySQL Utilities 1.3.4\;C:\Program Files (x86)\QuickTime\QTSystem\;C:\xampp\php;C:\ProgramData\ComposerSetup\bin;C:\strawberry\c\bin;C:\strawberry\perl\site\bin;C:\strawberry\perl\bin;C:\RailsInstaller\Git\cmd;C:\RailsInstaller\Ruby1.9.3\bin
USERNAME=Big Jack
OS=Windows_NT
PROCESSOR_IDENTIFIER=Intel64 Family 6 Model 58 Stepping 9, GenuineIntel



---------------  S Y S T E M  ---------------

OS: Windows 8 , 64 bit Build 9200 

CPU:total 8 (4 cores per cpu, 2 threads per core) family 6 model 58 stepping 9, cmov, cx8, fxsr, mmx, sse, sse2, sse3, ssse3, sse4.1, sse4.2, popcnt, avx, ht, tsc, tscinvbit, tscinv

Memory: 4k page, physical 8271360k(3226356k free), swap 16659968k(7961156k free)

vm_info: Java HotSpot(TM) 64-Bit Server VM (23.25-b01) for windows-amd64 JRE (1.7.0_25-b17), built on Jun 21 2013 12:58:32 by "java_re" with unknown MS VC++:1600

time: Thu Feb 20 16:11:49 2014
elapsed time: 0 seconds

